<?xml version="1.0" ?>
<!DOCTYPE coverage
  SYSTEM 'http://cobertura.sourceforge.net/xml/coverage-03.dtd'>
<coverage branch-rate="0.6765" line-rate="0.8889" timestamp="1424243130458" version="3.7.1">
	<!-- Generated by coverage.py: http://nedbatchelder.com/code/coverage -->
	<packages>
		<package branch-rate="0.6765" complexity="0" line-rate="0.8889" name="">
			<classes>
				<class branch-rate="0.6765" complexity="0" filename="jwt/__init__.py" line-rate="0.8889" name="jwt/__init__">
					<methods/>
					<lines>
						<line hits="1" number="5"/>
						<line hits="1" number="6"/>
						<line hits="1" number="7"/>
						<line hits="1" number="8"/>
						<line hits="1" number="9"/>
						<line hits="1" number="11"/>
						<line hits="1" number="14"/>
						<line hits="1" number="16"/>
						<line hits="1" number="52"/>
						<line hits="1" number="57"/>
						<line hits="1" number="59"/>
						<line branch="true" condition-coverage="100% (2/2)" hits="1" number="61"/>
						<line hits="1" number="62"/>
						<line hits="1" number="64"/>
						<line hits="1" number="65"/>
						<line branch="true" condition-coverage="100% (2/2)" hits="1" number="67"/>
						<line hits="1" number="68"/>
						<line branch="true" condition-coverage="50% (1/2)" hits="1" number="69"/>
						<line hits="1" number="70"/>
						<line hits="1" number="72"/>
						<line hits="1" number="80"/>
						<line hits="1" number="113"/>
						<line hits="1" number="115"/>
						<line hits="1" number="116"/>
						<line hits="1" number="117"/>
						<line branch="true" condition-coverage="100% (2/2)" hits="1" number="119"/>
						<line branch="true" condition-coverage="100% (2/2)" hits="1" number="120"/>
						<line hits="1" number="121"/>
						<line hits="1" number="123"/>
						<line hits="1" number="125"/>
						<line hits="1" number="126"/>
						<line hits="1" number="128"/>
						<line hits="1" number="129"/>
						<line hits="1" number="131"/>
						<line branch="true" condition-coverage="50% (1/2)" hits="1" number="132"/>
						<line branch="true" condition-coverage="0% (0/2)" hits="0" number="133"/>
						<line hits="0" number="134"/>
						<line branch="true" condition-coverage="50% (1/2)" hits="1" number="135"/>
						<line hits="0" number="136"/>
						<line hits="1" number="138"/>
						<line branch="true" condition-coverage="50% (1/2)" hits="1" number="139"/>
						<line branch="true" condition-coverage="0% (0/2)" hits="0" number="140"/>
						<line hits="0" number="141"/>
						<line branch="true" condition-coverage="100% (2/2)" hits="1" number="142"/>
						<line hits="1" number="143"/>
						<line hits="1" number="145"/>
						<line branch="true" condition-coverage="100% (2/2)" hits="1" number="146"/>
						<line branch="true" condition-coverage="100% (2/2)" hits="1" number="147"/>
						<line hits="1" number="148"/>
						<line branch="true" condition-coverage="100% (2/2)" hits="1" number="149"/>
						<line hits="1" number="150"/>
						<line hits="1" number="152"/>
						<line branch="true" condition-coverage="50% (1/2)" hits="1" number="153"/>
						<line branch="true" condition-coverage="0% (0/2)" hits="0" number="154"/>
						<line hits="0" number="155"/>
						<line branch="true" condition-coverage="100% (2/2)" hits="1" number="156"/>
						<line hits="1" number="157"/>
						<line hits="1" number="159"/>
						<line hits="1" number="163"/>
						<line hits="1" number="175"/>
						<line hits="1" number="176"/>
						<line hits="1" number="177"/>
						<line hits="1" number="178"/>
					</lines>
				</class>
			</classes>
		</package>
	</packages>
</coverage>
